<?xml version="1.0" encoding="UTF-8"?>
<!-- Generated by org.testng.reporters.JUnitXMLReporter -->
<testsuite ignored="0" hostname="GayatriPatil" failures="0" tests="4" name="Test" time="82.375" errors="0" timestamp="2023-02-12T12:01:12 IST">
  <testcase classname="com.application.scripts.RegistrationPageTestScripts" name="VerifyWhetherApplicationIsLaunchedSuccessfully" time="31.34"/>
  <testcase classname="com.application.scripts.RegistrationPageTestScripts" name="VerifyRegistrationPageHeader" time="22.119"/>
  <testcase classname="com.application.scripts.RegistrationPageTestScripts" name="VerifyRegistrationPageFeature" time="9.143"/>
  <testcase classname="com.application.scripts.RegistrationPageTestScripts" name="VerifyRegistrationPageFeature" time="8.754"/>
</testsuite> <!-- Test -->
